<?xml version="1.0" encoding="UTF-8"?>
<testng-results skipped="0" failed="0" ignored="0" total="1" passed="1">
  <reporter-output>
  </reporter-output>
  <suite name="Default suite" duration-ms="76674" started-at="2018-06-12T05:22:44Z" finished-at="2018-06-12T05:24:00Z">
    <groups>
    </groups>
    <test name="Default test" duration-ms="76674" started-at="2018-06-12T05:22:44Z" finished-at="2018-06-12T05:24:00Z">
      <class name="org.weather.asclass.CreateNewPet">
        <test-method status="PASS" signature="newpetCreation()[pri:0, instance:org.weather.asclass.CreateNewPet@162e04d]" name="newpetCreation" duration-ms="76610" started-at="2018-06-12T05:22:44Z" finished-at="2018-06-12T05:24:00Z">
          <reporter-output>
          </reporter-output>
        </test-method> <!-- newpetCreation -->
      </class> <!-- org.weather.asclass.CreateNewPet -->
    </test> <!-- Default test -->
  </suite> <!-- Default suite -->
</testng-results>
